d:\codes\qt\tomatotimer\tomatotimer\debug\vc120.pdb
d:\codes\qt\tomatotimer\tomatotimer\debug\qrc_tomatotimer.obj
d:\codes\qt\tomatotimer\tomatotimer\debug\tomatotimer.obj
d:\codes\qt\tomatotimer\tomatotimer\debug\main.obj
d:\codes\qt\tomatotimer\tomatotimer\debug\moc_tomatotimer.obj
d:\codes\qt\tomatotimer\tomatotimer\generatedfiles\ui_tomatotimer.h
d:\codes\qt\tomatotimer\tomatotimer\generatedfiles\qrc_tomatotimer.cpp
d:\codes\qt\tomatotimer\tomatotimer\generatedfiles\debug\moc_tomatotimer.cpp
d:\codes\qt\tomatotimer\win32\debug\tomatotimer.ilk
d:\codes\qt\tomatotimer\win32\debug\tomatotimer.exe
d:\codes\qt\tomatotimer\win32\debug\tomatotimer.pdb
d:\codes\qt\tomatotimer\tomatotimer\debug\tomatotimer.tlog\cl.command.1.tlog
d:\codes\qt\tomatotimer\tomatotimer\debug\tomatotimer.tlog\cl.read.1.tlog
d:\codes\qt\tomatotimer\tomatotimer\debug\tomatotimer.tlog\cl.write.1.tlog
d:\codes\qt\tomatotimer\tomatotimer\debug\tomatotimer.tlog\custombuild.command.1.tlog
d:\codes\qt\tomatotimer\tomatotimer\debug\tomatotimer.tlog\custombuild.read.1.tlog
d:\codes\qt\tomatotimer\tomatotimer\debug\tomatotimer.tlog\custombuild.write.1.tlog
d:\codes\qt\tomatotimer\tomatotimer\debug\tomatotimer.tlog\link.command.1.tlog
d:\codes\qt\tomatotimer\tomatotimer\debug\tomatotimer.tlog\link.read.1.tlog
d:\codes\qt\tomatotimer\tomatotimer\debug\tomatotimer.tlog\link.write.1.tlog
